<?xml version="1.0" encoding="UTF-8" ?>
<testsuite tests="7" failures="0" name="com.galaxy.service.impl.RomanNumbersServiceImplTest" time="0" errors="0" skipped="0">
  <properties>
[...]
</properties>
  <testcase classname="com.galaxy.service.impl.RomanNumbersServiceImplTest" name="romanToArabicCMTest" time="0"/>
  <testcase classname="com.galaxy.service.impl.RomanNumbersServiceImplTest" name="romanToArabicInvalidTest" time="0"/>
  <testcase classname="com.galaxy.service.impl.RomanNumbersServiceImplTest" name="romanToArabicDTest" time="0"/>
  <testcase classname="com.galaxy.service.impl.RomanNumbersServiceImplTest" name="romanToArabicITest" time="0"/>
  <testcase classname="com.galaxy.service.impl.RomanNumbersServiceImplTest" name="romanToArabicLTest" time="0"/>
  <testcase classname="com.galaxy.service.impl.RomanNumbersServiceImplTest" name="romanToArabicVTest" time="0"/>
  <testcase classname="com.galaxy.service.impl.RomanNumbersServiceImplTest" name="romanToArabicXTest" time="0"/>
</testsuite>